{"C:\\for_poogi_pooni\\node-typescript\\max_node_typescript\\basic_1\\src\\app\\app.ts": {"path":"C:\\for_poogi_pooni\\node-typescript\\max_node_typescript\\basic_1\\src\\app\\app.ts","statementMap":{"0":{"start":{"line":1,"column":0},"end":{"line":1,"column":41}},"1":{"start":{"line":6,"column":4},"end":{"line":6,"column":31}},"2":{"start":{"line":10,"column":4},"end":{"line":10,"column":30}},"3":{"start":{"line":2,"column":0},"end":{"line":2,"column":13}},"4":{"start":{"line":14,"column":0},"end":{"line":14,"column":27}}},"fnMap":{"0":{"name":"(anonymous_0)","decl":{"start":{"line":5,"column":2},"end":{"line":5,"column":null}},"loc":{"start":{"line":5,"column":2},"end":{"line":7,"column":3}}},"1":{"name":"(anonymous_1)","decl":{"start":{"line":9,"column":9},"end":{"line":9,"column":18}},"loc":{"start":{"line":9,"column":18},"end":{"line":11,"column":3}}}},"branchMap":{},"s":{"0":1,"1":3,"2":1,"3":1,"4":1},"f":{"0":3,"1":1},"b":{}}
,"C:\\for_poogi_pooni\\node-typescript\\max_node_typescript\\basic_1\\src\\app\\handlers\\messageInput.ts": {"path":"C:\\for_poogi_pooni\\node-typescript\\max_node_typescript\\basic_1\\src\\app\\handlers\\messageInput.ts","statementMap":{"0":{"start":{"line":1,"column":0},"end":{"line":1,"column":20}},"1":{"start":{"line":2,"column":0},"end":{"line":2,"column":24}},"2":{"start":{"line":4,"column":0},"end":{"line":4,"column":35}},"3":{"start":{"line":5,"column":0},"end":{"line":5,"column":61}},"4":{"start":{"line":9,"column":4},"end":{"line":9,"column":32}},"5":{"start":{"line":13,"column":16},"end":{"line":13,"column":28}},"6":{"start":{"line":14,"column":4},"end":{"line":26,"column":null}},"7":{"start":{"line":16,"column":8},"end":{"line":16,"column":25}},"8":{"start":{"line":17,"column":8},"end":{"line":17,"column":14}},"9":{"start":{"line":19,"column":8},"end":{"line":21,"column":null}},"10":{"start":{"line":20,"column":10},"end":{"line":20,"column":28}},"11":{"start":{"line":22,"column":8},"end":{"line":22,"column":14}},"12":{"start":{"line":24,"column":8},"end":{"line":24,"column":29}},"13":{"start":{"line":25,"column":8},"end":{"line":25,"column":14}},"14":{"start":{"line":30,"column":4},"end":{"line":30,"column":52}},"15":{"start":{"line":31,"column":4},"end":{"line":43,"column":7}},"16":{"start":{"line":44,"column":4},"end":{"line":44,"column":19}},"17":{"start":{"line":48,"column":32},"end":{"line":48,"column":34}},"18":{"start":{"line":49,"column":4},"end":{"line":51,"column":7}},"19":{"start":{"line":50,"column":6},"end":{"line":50,"column":23}},"20":{"start":{"line":53,"column":4},"end":{"line":63,"column":7}},"21":{"start":{"line":54,"column":25},"end":{"line":54,"column":55}},"22":{"start":{"line":55,"column":22},"end":{"line":55,"column":46}},"23":{"start":{"line":57,"column":6},"end":{"line":62,"column":9}},"24":{"start":{"line":58,"column":8},"end":{"line":58,"column":52}},"25":{"start":{"line":60,"column":8},"end":{"line":60,"column":44}},"26":{"start":{"line":61,"column":8},"end":{"line":61,"column":23}},"27":{"start":{"line":65,"column":4},"end":{"line":67,"column":7}},"28":{"start":{"line":66,"column":6},"end":{"line":66,"column":23}},"29":{"start":{"line":71,"column":4},"end":{"line":71,"column":52}},"30":{"start":{"line":72,"column":4},"end":{"line":81,"column":null}},"31":{"start":{"line":82,"column":4},"end":{"line":82,"column":19}},"32":{"start":{"line":7,"column":0},"end":{"line":7,"column":13}}},"fnMap":{"0":{"name":"(anonymous_1)","decl":{"start":{"line":8,"column":2},"end":{"line":8,"column":null}},"loc":{"start":{"line":8,"column":2},"end":{"line":10,"column":3}}},"1":{"name":"(anonymous_2)","decl":{"start":{"line":12,"column":2},"end":{"line":12,"column":15}},"loc":{"start":{"line":12,"column":15},"end":{"line":27,"column":3}}},"2":{"name":"(anonymous_3)","decl":{"start":{"line":29,"column":2},"end":{"line":29,"column":11}},"loc":{"start":{"line":29,"column":11},"end":{"line":45,"column":3}}},"3":{"name":"(anonymous_4)","decl":{"start":{"line":47,"column":2},"end":{"line":47,"column":12}},"loc":{"start":{"line":47,"column":12},"end":{"line":68,"column":3}}},"4":{"name":"(anonymous_5)","decl":{"start":{"line":49,"column":24},"end":{"line":49,"column":25}},"loc":{"start":{"line":49,"column":46},"end":{"line":51,"column":5}}},"5":{"name":"(anonymous_6)","decl":{"start":{"line":53,"column":23},"end":{"line":53,"column":26}},"loc":{"start":{"line":53,"column":28},"end":{"line":63,"column":5}}},"6":{"name":"(anonymous_7)","decl":{"start":{"line":57,"column":74},"end":{"line":57,"column":77}},"loc":{"start":{"line":57,"column":79},"end":{"line":62,"column":7}}},"7":{"name":"(anonymous_8)","decl":{"start":{"line":65,"column":25},"end":{"line":65,"column":26}},"loc":{"start":{"line":65,"column":40},"end":{"line":67,"column":5}}},"8":{"name":"(anonymous_9)","decl":{"start":{"line":70,"column":2},"end":{"line":70,"column":15}},"loc":{"start":{"line":70,"column":15},"end":{"line":83,"column":3}}}},"branchMap":{"0":{"loc":{"start":{"line":15,"column":6},"end":{"line":17,"column":14}},"type":"switch","locations":[{"start":{"line":15,"column":6},"end":{"line":17,"column":14}},{"start":{"line":18,"column":6},"end":{"line":22,"column":14}},{"start":{"line":23,"column":6},"end":{"line":25,"column":14}}]},"1":{"loc":{"start":{"line":19,"column":8},"end":{"line":21,"column":null}},"type":"if","locations":[{"start":{"line":19,"column":8},"end":{"line":21,"column":null}},{"start":{"line":19,"column":8},"end":{"line":21,"column":null}}]}},"s":{"0":1,"1":1,"2":1,"3":1,"4":0,"5":0,"6":0,"7":0,"8":0,"9":0,"10":0,"11":0,"12":0,"13":0,"14":0,"15":0,"16":0,"17":0,"18":0,"19":0,"20":0,"21":0,"22":0,"23":0,"24":0,"25":0,"26":0,"27":0,"28":0,"29":0,"30":0,"31":0,"32":1},"f":{"0":0,"1":0,"2":0,"3":0,"4":0,"5":0,"6":0,"7":0,"8":0},"b":{"0":[0,0,0],"1":[0,0]}}
,"C:\\for_poogi_pooni\\node-typescript\\max_node_typescript\\basic_1\\src\\app\\handlers\\main\\main.ts": {"path":"C:\\for_poogi_pooni\\node-typescript\\max_node_typescript\\basic_1\\src\\app\\handlers\\main\\main.ts","statementMap":{"0":{"start":{"line":4,"column":25},"end":{"line":4,"column":45}},"1":{"start":{"line":4,"column":57},"end":{"line":4,"column":76}},"2":{"start":{"line":7,"column":4},"end":{"line":7,"column":19}},"3":{"start":{"line":11,"column":4},"end":{"line":11,"column":19}},"4":{"start":{"line":3,"column":0},"end":{"line":3,"column":13}}},"fnMap":{"0":{"name":"(anonymous_0)","decl":{"start":{"line":4,"column":2},"end":{"line":4,"column":25}},"loc":{"start":{"line":4,"column":76},"end":{"line":4,"column":80}}},"1":{"name":"(anonymous_1)","decl":{"start":{"line":6,"column":2},"end":{"line":6,"column":13}},"loc":{"start":{"line":6,"column":45},"end":{"line":8,"column":3}}},"2":{"name":"(anonymous_2)","decl":{"start":{"line":10,"column":2},"end":{"line":10,"column":13}},"loc":{"start":{"line":10,"column":45},"end":{"line":12,"column":3}}}},"branchMap":{},"s":{"0":0,"1":0,"2":0,"3":0,"4":1},"f":{"0":0,"1":0,"2":0},"b":{}}
,"C:\\for_poogi_pooni\\node-typescript\\max_node_typescript\\basic_1\\src\\app\\models\\server.ts": {"path":"C:\\for_poogi_pooni\\node-typescript\\max_node_typescript\\basic_1\\src\\app\\models\\server.ts","statementMap":{"0":{"start":{"line":1,"column":0},"end":{"line":1,"column":null}},"1":{"start":{"line":2,"column":2},"end":{"line":2,"column":null}},"2":{"start":{"line":3,"column":2},"end":{"line":3,"column":null}},"3":{"start":{"line":6,"column":0},"end":{"line":6,"column":null}},"4":{"start":{"line":7,"column":2},"end":{"line":7,"column":null}},"5":{"start":{"line":8,"column":2},"end":{"line":8,"column":null}},"6":{"start":{"line":9,"column":2},"end":{"line":9,"column":null}}},"fnMap":{"0":{"name":"(anonymous_0)","decl":{"start":{"line":1,"column":0},"end":{"line":1,"column":12}},"loc":{"start":{"line":1,"column":23},"end":{"line":4,"column":1}}},"1":{"name":"(anonymous_1)","decl":{"start":{"line":6,"column":0},"end":{"line":6,"column":12}},"loc":{"start":{"line":6,"column":24},"end":{"line":10,"column":1}}}},"branchMap":{"0":{"loc":{"start":{"line":1,"column":12},"end":{"line":1,"column":23}},"type":"binary-expr","locations":[{"start":{"line":1,"column":12},"end":{"line":1,"column":23}},{"start":{"line":1,"column":12},"end":{"line":1,"column":null}}]},"1":{"loc":{"start":{"line":6,"column":12},"end":{"line":6,"column":24}},"type":"binary-expr","locations":[{"start":{"line":6,"column":12},"end":{"line":6,"column":24}},{"start":{"line":6,"column":12},"end":{"line":6,"column":null}}]}},"s":{"0":1,"1":1,"2":1,"3":1,"4":1,"5":1,"6":1},"f":{"0":1,"1":1},"b":{"0":[1,1],"1":[1,1]}}
,"C:\\for_poogi_pooni\\node-typescript\\max_node_typescript\\basic_1\\src\\app\\server\\server.ts": {"path":"C:\\for_poogi_pooni\\node-typescript\\max_node_typescript\\basic_1\\src\\app\\server\\server.ts","statementMap":{"0":{"start":{"line":1,"column":0},"end":{"line":1,"column":69}},"1":{"start":{"line":2,"column":0},"end":{"line":2,"column":63}},"2":{"start":{"line":5,"column":2},"end":{"line":5,"column":71}},"3":{"start":{"line":8,"column":4},"end":{"line":13,"column":20}},"4":{"start":{"line":9,"column":6},"end":{"line":9,"column":48}},"5":{"start":{"line":10,"column":6},"end":{"line":10,"column":49}},"6":{"start":{"line":11,"column":6},"end":{"line":11,"column":47}},"7":{"start":{"line":12,"column":6},"end":{"line":12,"column":16}},"8":{"start":{"line":15,"column":4},"end":{"line":15,"column":34}},"9":{"start":{"line":3,"column":0},"end":{"line":3,"column":13}}},"fnMap":{"0":{"name":"(anonymous_0)","decl":{"start":{"line":3,"column":0},"end":{"line":3,"column":13}},"loc":{"start":{"line":3,"column":0},"end":{"line":17,"column":1}}},"1":{"name":"(anonymous_1)","decl":{"start":{"line":7,"column":9},"end":{"line":7,"column":20}},"loc":{"start":{"line":7,"column":20},"end":{"line":16,"column":3}}},"2":{"name":"(anonymous_2)","decl":{"start":{"line":8,"column":17},"end":{"line":8,"column":18}},"loc":{"start":{"line":8,"column":63},"end":{"line":13,"column":5}}}},"branchMap":{},"s":{"0":1,"1":1,"2":3,"3":3,"4":3,"5":3,"6":3,"7":3,"8":3,"9":1},"f":{"0":3,"1":3,"2":3},"b":{}}
}
