TN:
SF:src\app\app.ts
FN:5,(anonymous_0)
FN:9,(anonymous_1)
FNF:2
FNH:2
FNDA:3,(anonymous_0)
FNDA:1,(anonymous_1)
DA:1,1
DA:2,1
DA:6,3
DA:10,1
DA:14,1
LF:5
LH:5
BRF:0
BRH:0
end_of_record
TN:
SF:src\app\handlers\messageInput.ts
FN:8,(anonymous_1)
FN:12,(anonymous_2)
FN:30,(anonymous_3)
FN:48,(anonymous_4)
FN:50,(anonymous_5)
FN:54,(anonymous_6)
FN:59,(anonymous_7)
FN:67,(anonymous_8)
FN:73,(anonymous_9)
FNF:9
FNH:8
FNDA:7,(anonymous_1)
FNDA:3,(anonymous_2)
FNDA:1,(anonymous_3)
FNDA:2,(anonymous_4)
FNDA:1,(anonymous_5)
FNDA:1,(anonymous_6)
FNDA:0,(anonymous_7)
FNDA:1,(anonymous_8)
FNDA:1,(anonymous_9)
DA:1,2
DA:2,2
DA:4,2
DA:5,2
DA:7,2
DA:9,7
DA:13,3
DA:14,3
DA:15,3
DA:17,1
DA:18,1
DA:20,1
DA:21,1
DA:23,1
DA:25,1
DA:26,1
DA:31,1
DA:32,1
DA:45,1
DA:49,2
DA:50,2
DA:51,1
DA:54,2
DA:56,1
DA:57,1
DA:59,1
DA:60,0
DA:62,0
DA:63,0
DA:67,2
DA:69,1
DA:74,1
DA:75,1
DA:85,1
LF:34
LH:31
BRDA:16,0,0,1
BRDA:16,0,1,1
BRDA:16,0,2,1
BRDA:20,1,0,1
BRDA:20,1,1,0
BRF:5
BRH:4
end_of_record
TN:
SF:src\app\handlers\main\main.ts
FN:4,(anonymous_0)
FN:6,(anonymous_1)
FN:10,(anonymous_2)
FNF:3
FNH:3
FNDA:7,(anonymous_0)
FNDA:7,(anonymous_1)
FNDA:7,(anonymous_2)
DA:3,2
DA:4,7
DA:7,7
DA:11,7
LF:4
LH:4
BRF:0
BRH:0
end_of_record
TN:
SF:src\app\models\server.ts
FN:1,(anonymous_0)
FN:6,(anonymous_1)
FNF:2
FNH:2
FNDA:2,(anonymous_0)
FNDA:2,(anonymous_1)
DA:1,2
DA:2,2
DA:3,2
DA:6,2
DA:7,2
DA:8,2
DA:9,2
LF:7
LH:7
BRDA:1,0,0,2
BRDA:1,0,1,2
BRDA:6,1,0,2
BRDA:6,1,1,2
BRF:4
BRH:4
end_of_record
TN:
SF:src\app\server\server.ts
FN:3,(anonymous_0)
FN:7,(anonymous_1)
FN:8,(anonymous_2)
FNF:3
FNH:3
FNDA:3,(anonymous_0)
FNDA:3,(anonymous_1)
FNDA:3,(anonymous_2)
DA:1,1
DA:2,1
DA:3,1
DA:5,3
DA:8,3
DA:9,3
DA:10,3
DA:11,3
DA:12,3
DA:15,3
LF:10
LH:10
BRF:0
BRH:0
end_of_record
